<?xml version="1.0" encoding="UTF-8"?>
<!-- Generated by org.testng.reporters.JUnitReportReporter -->
<testsuite hostname="NikhilSomnathJadhav" failures="0" tests="1" name="testCases.TC02" time="4.500" errors="0" timestamp="2024-10-19T21:56:42 IST" skipped="0">
  <testcase classname="testCases.TC02" name="verify_TC02_Login" time="4.500"/>
  <system-out/>
</testsuite> <!-- testCases.TC02 -->
